<?xml version="1.0" encoding="UTF-8"?>
<coverage generated="1764548933759" clover="3.2.0">
  <project timestamp="1764548933759" name="All files">
    <metrics statements="258" coveredstatements="184" conditionals="99" coveredconditionals="83" methods="42" coveredmethods="41" elements="399" coveredelements="308" complexity="0" loc="258" ncloc="258" packages="4" files="16" classes="16"/>
    <package name="app">
      <metrics statements="100" coveredstatements="98" conditionals="77" coveredconditionals="67" methods="32" coveredmethods="31"/>
      <file name="layout.tsx" path="C:\Users\ohama\OneDrive\Desktop\School\F25\454and491\LiveGap\livegap-mini\frontend\app\layout.tsx">
        <metrics statements="2" coveredstatements="2" conditionals="0" coveredconditionals="0" methods="1" coveredmethods="1"/>
        <line num="3" count="3" type="stmt"/>
        <line num="8" count="5" type="stmt"/>
      </file>
      <file name="page.tsx" path="C:\Users\ohama\OneDrive\Desktop\School\F25\454and491\LiveGap\livegap-mini\frontend\app\page.tsx">
        <metrics statements="98" coveredstatements="96" conditionals="77" coveredconditionals="67" methods="31" coveredmethods="30"/>
        <line num="3" count="1" type="stmt"/>
        <line num="4" count="1" type="stmt"/>
        <line num="45" count="1" type="cond" truecount="2" falsecount="0"/>
        <line num="47" count="1" type="stmt"/>
        <line num="61" count="1" type="stmt"/>
        <line num="69" count="35" type="stmt"/>
        <line num="70" count="94" type="stmt"/>
        <line num="71" count="93" type="stmt"/>
        <line num="72" count="93" type="stmt"/>
        <line num="73" count="93" type="stmt"/>
        <line num="74" count="93" type="stmt"/>
        <line num="75" count="93" type="stmt"/>
        <line num="76" count="93" type="stmt"/>
        <line num="77" count="93" type="stmt"/>
        <line num="78" count="93" type="stmt"/>
        <line num="79" count="93" type="stmt"/>
        <line num="80" count="93" type="stmt"/>
        <line num="83" count="93" type="stmt"/>
        <line num="84" count="35" type="stmt"/>
        <line num="85" count="35" type="stmt"/>
        <line num="86" count="35" type="cond" truecount="1" falsecount="0"/>
        <line num="87" count="23" type="stmt"/>
        <line num="88" count="23" type="stmt"/>
        <line num="89" count="23" type="cond" truecount="1" falsecount="0"/>
        <line num="95" count="93" type="stmt"/>
        <line num="96" count="61" type="stmt"/>
        <line num="97" count="61" type="stmt"/>
        <line num="102" count="93" type="stmt"/>
        <line num="103" count="61" type="cond" truecount="2" falsecount="0"/>
        <line num="104" count="61" type="cond" truecount="1" falsecount="0"/>
        <line num="106" count="4" type="stmt"/>
        <line num="107" count="4" type="stmt"/>
        <line num="108" count="4" type="cond" truecount="0" falsecount="1"/>
        <line num="109" count="4" type="stmt"/>
        <line num="110" count="4" type="stmt"/>
        <line num="111" count="4" type="cond" truecount="0" falsecount="1"/>
        <line num="112" count="4" type="stmt"/>
        <line num="114" count="4" type="stmt"/>
        <line num="115" count="1" type="cond" truecount="0" falsecount="1"/>
        <line num="118" count="1" type="stmt"/>
        <line num="121" count="1" type="cond" truecount="3" falsecount="0"/>
        <line num="122" count="1" type="stmt"/>
        <line num="123" count="1" type="stmt"/>
        <line num="126" count="1" type="stmt"/>
        <line num="129" count="0" type="stmt"/>
        <line num="134" count="4" type="stmt"/>
        <line num="138" count="93" type="stmt"/>
        <line num="139" count="61" type="cond" truecount="2" falsecount="1"/>
        <line num="142" count="93" type="cond" truecount="3" falsecount="1"/>
        <line num="144" count="93" type="stmt"/>
        <line num="145" count="48" type="cond" truecount="1" falsecount="0"/>
        <line num="146" count="8" type="stmt"/>
        <line num="147" count="8" type="cond" truecount="2" falsecount="0"/>
        <line num="148" count="8" type="cond" truecount="2" falsecount="0"/>
        <line num="151" count="3" type="cond" truecount="1" falsecount="0"/>
        <line num="154" count="1" type="stmt"/>
        <line num="158" count="3" type="cond" truecount="1" falsecount="0"/>
        <line num="159" count="3" type="stmt"/>
        <line num="160" count="3" type="stmt"/>
        <line num="164" count="1" type="stmt"/>
        <line num="165" count="1" type="stmt"/>
        <line num="169" count="5" type="cond" truecount="1" falsecount="0"/>
        <line num="170" count="1" type="stmt"/>
        <line num="171" count="1" type="stmt"/>
        <line num="173" count="4" type="stmt"/>
        <line num="174" count="4" type="stmt"/>
        <line num="175" count="4" type="stmt"/>
        <line num="177" count="4" type="stmt"/>
        <line num="182" count="4" type="cond" truecount="1" falsecount="0"/>
        <line num="183" count="1" type="stmt"/>
        <line num="184" count="1" type="cond" truecount="1" falsecount="1"/>
        <line num="186" count="2" type="stmt"/>
        <line num="189" count="2" type="stmt"/>
        <line num="199" count="2" type="stmt"/>
        <line num="200" count="2" type="stmt"/>
        <line num="201" count="2" type="stmt"/>
        <line num="202" count="2" type="stmt"/>
        <line num="204" count="2" type="cond" truecount="1" falsecount="1"/>
        <line num="206" count="4" type="stmt"/>
        <line num="232" count="6" type="stmt"/>
        <line num="243" count="5" type="stmt"/>
        <line num="252" count="44" type="stmt"/>
        <line num="253" count="44" type="stmt"/>
        <line num="254" count="44" type="stmt"/>
        <line num="257" count="0" type="stmt"/>
        <line num="288" count="1" type="stmt"/>
        <line num="322" count="39" type="cond" truecount="3" falsecount="0"/>
        <line num="330" count="35" type="stmt"/>
        <line num="331" count="35" type="cond" truecount="4" falsecount="0"/>
        <line num="369" count="27" type="cond" truecount="1" falsecount="1"/>
        <line num="370" count="27" type="cond" truecount="1" falsecount="1"/>
        <line num="371" count="27" type="stmt"/>
        <line num="390" count="3" type="stmt"/>
        <line num="397" count="3" type="stmt"/>
        <line num="422" count="1" type="stmt"/>
        <line num="429" count="4" type="stmt"/>
        <line num="438" count="1" type="stmt"/>
        <line num="442" count="90" type="stmt"/>
      </file>
    </package>
    <package name="app.about">
      <metrics statements="7" coveredstatements="7" conditionals="9" coveredconditionals="9" methods="6" coveredmethods="6"/>
      <file name="page.tsx" path="C:\Users\ohama\OneDrive\Desktop\School\F25\454and491\LiveGap\livegap-mini\frontend\app\about\page.tsx">
        <metrics statements="7" coveredstatements="7" conditionals="9" coveredconditionals="9" methods="6" coveredmethods="6"/>
        <line num="3" count="1" type="stmt"/>
        <line num="5" count="1" type="stmt"/>
        <line num="85" count="3" type="stmt"/>
        <line num="124" count="3" type="stmt"/>
        <line num="275" count="6" type="stmt"/>
        <line num="362" count="5" type="stmt"/>
        <line num="391" count="25" type="stmt"/>
      </file>
    </package>
    <package name="components.ui">
      <metrics statements="147" coveredstatements="75" conditionals="13" coveredconditionals="7" methods="3" coveredmethods="3"/>
      <file name="avatar.tsx" path="C:\Users\ohama\OneDrive\Desktop\School\F25\454and491\LiveGap\livegap-mini\frontend\components\ui\avatar.tsx">
        <metrics statements="7" coveredstatements="0" conditionals="0" coveredconditionals="0" methods="0" coveredmethods="0"/>
        <line num="3" count="0" type="stmt"/>
        <line num="4" count="0" type="stmt"/>
        <line num="6" count="0" type="stmt"/>
        <line num="21" count="0" type="stmt"/>
        <line num="33" count="0" type="stmt"/>
        <line num="48" count="0" type="stmt"/>
        <line num="50" count="0" type="stmt"/>
      </file>
      <file name="badge.tsx" path="C:\Users\ohama\OneDrive\Desktop\School\F25\454and491\LiveGap\livegap-mini\frontend\components\ui\badge.tsx">
        <metrics statements="5" coveredstatements="5" conditionals="0" coveredconditionals="0" methods="1" coveredmethods="1"/>
        <line num="1" count="1" type="stmt"/>
        <line num="2" count="1" type="stmt"/>
        <line num="4" count="1" type="stmt"/>
        <line num="6" count="1" type="stmt"/>
        <line num="36" count="4" type="stmt"/>
      </file>
      <file name="button.tsx" path="C:\Users\ohama\OneDrive\Desktop\School\F25\454and491\LiveGap\livegap-mini\frontend\components\ui\button.tsx">
        <metrics statements="9" coveredstatements="9" conditionals="3" coveredconditionals="2" methods="1" coveredmethods="1"/>
        <line num="1" count="1" type="stmt"/>
        <line num="2" count="1" type="stmt"/>
        <line num="3" count="1" type="stmt"/>
        <line num="5" count="1" type="stmt"/>
        <line num="7" count="1" type="stmt"/>
        <line num="43" count="1" type="stmt"/>
        <line num="45" count="8" type="cond" truecount="1" falsecount="1"/>
        <line num="55" count="1" type="stmt"/>
        <line num="57" count="7" type="stmt"/>
      </file>
      <file name="card.tsx" path="C:\Users\ohama\OneDrive\Desktop\School\F25\454and491\LiveGap\livegap-mini\frontend\components\ui\card.tsx">
        <metrics statements="9" coveredstatements="9" conditionals="0" coveredconditionals="0" methods="0" coveredmethods="0"/>
        <line num="1" count="1" type="stmt"/>
        <line num="3" count="1" type="stmt"/>
        <line num="18" count="1" type="stmt"/>
        <line num="30" count="1" type="stmt"/>
        <line num="42" count="1" type="stmt"/>
        <line num="54" count="1" type="stmt"/>
        <line num="62" count="1" type="stmt"/>
        <line num="74" count="1" type="stmt"/>
        <line num="76" count="3" type="stmt"/>
      </file>
      <file name="dialog.tsx" path="C:\Users\ohama\OneDrive\Desktop\School\F25\454and491\LiveGap\livegap-mini\frontend\components\ui\dialog.tsx">
        <metrics statements="24" coveredstatements="21" conditionals="0" coveredconditionals="0" methods="0" coveredmethods="0"/>
        <line num="3" count="1" type="stmt"/>
        <line num="4" count="1" type="stmt"/>
        <line num="5" count="1" type="stmt"/>
        <line num="7" count="1" type="stmt"/>
        <line num="9" count="1" type="stmt"/>
        <line num="11" count="1" type="stmt"/>
        <line num="13" count="1" type="stmt"/>
        <line num="15" count="1" type="stmt"/>
        <line num="30" count="1" type="stmt"/>
        <line num="54" count="1" type="stmt"/>
        <line num="68" count="1" type="stmt"/>
        <line num="82" count="1" type="stmt"/>
        <line num="97" count="1" type="stmt"/>
        <line num="109" count="1" type="stmt"/>
        <line num="112" count="2" type="stmt"/>
        <line num="113" count="0" type="stmt"/>
        <line num="114" count="0" type="stmt"/>
        <line num="115" count="1" type="stmt"/>
        <line num="116" count="0" type="stmt"/>
        <line num="117" count="2" type="stmt"/>
        <line num="118" count="2" type="stmt"/>
        <line num="119" count="1" type="stmt"/>
        <line num="120" count="2" type="stmt"/>
        <line num="121" count="1" type="stmt"/>
      </file>
      <file name="input.tsx" path="C:\Users\ohama\OneDrive\Desktop\School\F25\454and491\LiveGap\livegap-mini\frontend\components\ui\input.tsx">
        <metrics statements="5" coveredstatements="5" conditionals="0" coveredconditionals="0" methods="1" coveredmethods="1"/>
        <line num="1" count="1" type="stmt"/>
        <line num="3" count="1" type="stmt"/>
        <line num="5" count="1" type="stmt"/>
        <line num="20" count="1" type="stmt"/>
        <line num="22" count="6" type="stmt"/>
      </file>
      <file name="label.tsx" path="C:\Users\ohama\OneDrive\Desktop\School\F25\454and491\LiveGap\livegap-mini\frontend\components\ui\label.tsx">
        <metrics statements="7" coveredstatements="7" conditionals="0" coveredconditionals="0" methods="0" coveredmethods="0"/>
        <line num="3" count="1" type="stmt"/>
        <line num="4" count="1" type="stmt"/>
        <line num="5" count="1" type="stmt"/>
        <line num="7" count="1" type="stmt"/>
        <line num="9" count="1" type="stmt"/>
        <line num="24" count="1" type="stmt"/>
        <line num="26" count="2" type="stmt"/>
      </file>
      <file name="select.tsx" path="C:\Users\ohama\OneDrive\Desktop\School\F25\454and491\LiveGap\livegap-mini\frontend\components\ui\select.tsx">
        <metrics statements="24" coveredstatements="19" conditionals="5" coveredconditionals="5" methods="0" coveredmethods="0"/>
        <line num="3" count="1" type="stmt"/>
        <line num="4" count="1" type="stmt"/>
        <line num="5" count="1" type="stmt"/>
        <line num="7" count="1" type="stmt"/>
        <line num="9" count="1" type="stmt"/>
        <line num="11" count="1" type="stmt"/>
        <line num="13" count="1" type="stmt"/>
        <line num="33" count="1" type="stmt"/>
        <line num="50" count="1" type="stmt"/>
        <line num="67" count="1" type="stmt"/>
        <line num="100" count="1" type="stmt"/>
        <line num="112" count="1" type="stmt"/>
        <line num="134" count="1" type="stmt"/>
        <line num="146" count="1" type="stmt"/>
        <line num="149" count="2" type="stmt"/>
        <line num="150" count="0" type="stmt"/>
        <line num="151" count="2" type="stmt"/>
        <line num="152" count="2" type="stmt"/>
        <line num="153" count="2" type="stmt"/>
        <line num="154" count="0" type="stmt"/>
        <line num="155" count="3" type="stmt"/>
        <line num="156" count="0" type="stmt"/>
        <line num="157" count="0" type="stmt"/>
        <line num="158" count="0" type="stmt"/>
      </file>
      <file name="separator.tsx" path="C:\Users\ohama\OneDrive\Desktop\School\F25\454and491\LiveGap\livegap-mini\frontend\components\ui\separator.tsx">
        <metrics statements="5" coveredstatements="0" conditionals="4" coveredconditionals="0" methods="0" coveredmethods="0"/>
        <line num="3" count="0" type="stmt"/>
        <line num="4" count="0" type="stmt"/>
        <line num="6" count="0" type="stmt"/>
        <line num="29" count="0" type="stmt"/>
        <line num="31" count="0" type="stmt"/>
      </file>
      <file name="sheet.tsx" path="C:\Users\ohama\OneDrive\Desktop\School\F25\454and491\LiveGap\livegap-mini\frontend\components\ui\sheet.tsx">
        <metrics statements="26" coveredstatements="0" conditionals="1" coveredconditionals="0" methods="0" coveredmethods="0"/>
        <line num="3" count="0" type="stmt"/>
        <line num="4" count="0" type="stmt"/>
        <line num="5" count="0" type="stmt"/>
        <line num="6" count="0" type="stmt"/>
        <line num="8" count="0" type="stmt"/>
        <line num="10" count="0" type="stmt"/>
        <line num="12" count="0" type="stmt"/>
        <line num="14" count="0" type="stmt"/>
        <line num="16" count="0" type="stmt"/>
        <line num="31" count="0" type="stmt"/>
        <line num="33" count="0" type="stmt"/>
        <line num="75" count="0" type="stmt"/>
        <line num="89" count="0" type="stmt"/>
        <line num="103" count="0" type="stmt"/>
        <line num="115" count="0" type="stmt"/>
        <line num="127" count="0" type="stmt"/>
        <line num="130" count="0" type="stmt"/>
        <line num="131" count="0" type="stmt"/>
        <line num="132" count="0" type="stmt"/>
        <line num="133" count="0" type="stmt"/>
        <line num="134" count="0" type="stmt"/>
        <line num="135" count="0" type="stmt"/>
        <line num="136" count="0" type="stmt"/>
        <line num="137" count="0" type="stmt"/>
        <line num="138" count="0" type="stmt"/>
        <line num="139" count="0" type="stmt"/>
      </file>
      <file name="table.tsx" path="C:\Users\ohama\OneDrive\Desktop\School\F25\454and491\LiveGap\livegap-mini\frontend\components\ui\table.tsx">
        <metrics statements="18" coveredstatements="0" conditionals="0" coveredconditionals="0" methods="0" coveredmethods="0"/>
        <line num="1" count="0" type="stmt"/>
        <line num="3" count="0" type="stmt"/>
        <line num="17" count="0" type="stmt"/>
        <line num="25" count="0" type="stmt"/>
        <line num="37" count="0" type="stmt"/>
        <line num="52" count="0" type="stmt"/>
        <line num="67" count="0" type="stmt"/>
        <line num="82" count="0" type="stmt"/>
        <line num="97" count="0" type="stmt"/>
        <line num="109" count="0" type="stmt"/>
        <line num="112" count="0" type="stmt"/>
        <line num="113" count="0" type="stmt"/>
        <line num="114" count="0" type="stmt"/>
        <line num="115" count="0" type="stmt"/>
        <line num="116" count="0" type="stmt"/>
        <line num="117" count="0" type="stmt"/>
        <line num="118" count="0" type="stmt"/>
        <line num="119" count="0" type="stmt"/>
      </file>
      <file name="tabs.tsx" path="C:\Users\ohama\OneDrive\Desktop\School\F25\454and491\LiveGap\livegap-mini\frontend\components\ui\tabs.tsx">
        <metrics statements="8" coveredstatements="0" conditionals="0" coveredconditionals="0" methods="0" coveredmethods="0"/>
        <line num="3" count="0" type="stmt"/>
        <line num="4" count="0" type="stmt"/>
        <line num="6" count="0" type="stmt"/>
        <line num="8" count="0" type="stmt"/>
        <line num="23" count="0" type="stmt"/>
        <line num="38" count="0" type="stmt"/>
        <line num="53" count="0" type="stmt"/>
        <line num="55" count="0" type="stmt"/>
      </file>
    </package>
    <package name="lib">
      <metrics statements="4" coveredstatements="4" conditionals="0" coveredconditionals="0" methods="1" coveredmethods="1"/>
      <file name="utils.ts" path="C:\Users\ohama\OneDrive\Desktop\School\F25\454and491\LiveGap\livegap-mini\frontend\lib\utils.ts">
        <metrics statements="4" coveredstatements="4" conditionals="0" coveredconditionals="0" methods="1" coveredmethods="1"/>
        <line num="1" count="2" type="stmt"/>
        <line num="2" count="2" type="stmt"/>
        <line num="4" count="65" type="stmt"/>
        <line num="5" count="65" type="stmt"/>
      </file>
    </package>
  </project>
</coverage>
