{"C:\\Users\\ohama\\OneDrive\\Desktop\\School\\F25\\454and491\\LiveGap\\livegap-mini\\frontend\\app\\layout.tsx": {"path":"C:\\Users\\ohama\\OneDrive\\Desktop\\School\\F25\\454and491\\LiveGap\\livegap-mini\\frontend\\app\\layout.tsx","statementMap":{"0":{"start":{"line":8,"column":24},"end":{"line":8,"column":35}},"1":{"start":{"line":3,"column":13},"end":{"line":3,"column":21}},"2":{"start":{"line":3,"column":34},"end":{"line":6,"column":null}}},"fnMap":{"0":{"name":"RootLayout","decl":{"start":{"line":8,"column":24},"end":{"line":8,"column":35}},"loc":{"start":{"line":12,"column":1},"end":{"line":21,"column":1}}}},"branchMap":{},"s":{"0":5,"1":3,"2":1},"f":{"0":5},"b":{}}
,"C:\\Users\\ohama\\OneDrive\\Desktop\\School\\F25\\454and491\\LiveGap\\livegap-mini\\frontend\\app\\page.tsx": {"path":"C:\\Users\\ohama\\OneDrive\\Desktop\\School\\F25\\454and491\\LiveGap\\livegap-mini\\frontend\\app\\page.tsx","statementMap":{"0":{"start":{"line":69,"column":24},"end":{"line":69,"column":null}},"1":{"start":{"line":3,"column":36},"end":{"line":3,"column":null}},"2":{"start":{"line":4,"column":26},"end":{"line":4,"column":null}},"3":{"start":{"line":45,"column":15},"end":{"line":45,"column":null}},"4":{"start":{"line":47,"column":0},"end":{"line":47,"column":null}},"5":{"start":{"line":61,"column":41},"end":{"line":67,"column":null}},"6":{"start":{"line":70,"column":34},"end":{"line":70,"column":null}},"7":{"start":{"line":71,"column":40},"end":{"line":71,"column":null}},"8":{"start":{"line":72,"column":48},"end":{"line":72,"column":null}},"9":{"start":{"line":73,"column":40},"end":{"line":73,"column":null}},"10":{"start":{"line":74,"column":40},"end":{"line":74,"column":null}},"11":{"start":{"line":75,"column":32},"end":{"line":75,"column":null}},"12":{"start":{"line":76,"column":28},"end":{"line":76,"column":null}},"13":{"start":{"line":77,"column":34},"end":{"line":77,"column":null}},"14":{"start":{"line":78,"column":38},"end":{"line":78,"column":null}},"15":{"start":{"line":79,"column":46},"end":{"line":79,"column":null}},"16":{"start":{"line":80,"column":30},"end":{"line":80,"column":null}},"17":{"start":{"line":83,"column":2},"end":{"line":92,"column":null}},"18":{"start":{"line":84,"column":4},"end":{"line":91,"column":null}},"19":{"start":{"line":85,"column":18},"end":{"line":85,"column":null}},"20":{"start":{"line":86,"column":6},"end":{"line":90,"column":null}},"21":{"start":{"line":87,"column":34},"end":{"line":87,"column":null}},"22":{"start":{"line":88,"column":8},"end":{"line":88,"column":null}},"23":{"start":{"line":89,"column":8},"end":{"line":89,"column":null}},"24":{"start":{"line":89,"column":27},"end":{"line":89,"column":null}},"25":{"start":{"line":95,"column":2},"end":{"line":99,"column":null}},"26":{"start":{"line":96,"column":4},"end":{"line":98,"column":null}},"27":{"start":{"line":97,"column":6},"end":{"line":97,"column":null}},"28":{"start":{"line":102,"column":2},"end":{"line":135,"column":null}},"29":{"start":{"line":103,"column":24},"end":{"line":103,"column":null}},"30":{"start":{"line":103,"column":45},"end":{"line":103,"column":null}},"31":{"start":{"line":104,"column":4},"end":{"line":104,"column":null}},"32":{"start":{"line":104,"column":29},"end":{"line":104,"column":null}},"33":{"start":{"line":106,"column":21},"end":{"line":132,"column":14}},"34":{"start":{"line":107,"column":6},"end":{"line":131,"column":null}},"35":{"start":{"line":108,"column":8},"end":{"line":108,"column":null}},"36":{"start":{"line":108,"column":24},"end":{"line":108,"column":null}},"37":{"start":{"line":109,"column":8},"end":{"line":130,"column":null}},"38":{"start":{"line":110,"column":22},"end":{"line":110,"column":null}},"39":{"start":{"line":111,"column":10},"end":{"line":111,"column":null}},"40":{"start":{"line":111,"column":23},"end":{"line":111,"column":null}},"41":{"start":{"line":112,"column":23},"end":{"line":112,"column":null}},"42":{"start":{"line":114,"column":10},"end":{"line":127,"column":null}},"43":{"start":{"line":114,"column":30},"end":{"line":127,"column":null}},"44":{"start":{"line":115,"column":12},"end":{"line":115,"column":null}},"45":{"start":{"line":115,"column":33},"end":{"line":115,"column":null}},"46":{"start":{"line":118,"column":28},"end":{"line":118,"column":null}},"47":{"start":{"line":121,"column":12},"end":{"line":124,"column":null}},"48":{"start":{"line":122,"column":14},"end":{"line":122,"column":null}},"49":{"start":{"line":123,"column":14},"end":{"line":123,"column":null}},"50":{"start":{"line":126,"column":12},"end":{"line":126,"column":null}},"51":{"start":{"line":129,"column":10},"end":{"line":129,"column":null}},"52":{"start":{"line":134,"column":4},"end":{"line":134,"column":null}},"53":{"start":{"line":134,"column":17},"end":{"line":134,"column":null}},"54":{"start":{"line":138,"column":2},"end":{"line":140,"column":null}},"55":{"start":{"line":139,"column":4},"end":{"line":139,"column":null}},"56":{"start":{"line":139,"column":41},"end":{"line":139,"column":null}},"57":{"start":{"line":142,"column":20},"end":{"line":142,"column":null}},"58":{"start":{"line":142,"column":53},"end":{"line":142,"column":78}},"59":{"start":{"line":144,"column":23},"end":{"line":149,"column":null}},"60":{"start":{"line":145,"column":4},"end":{"line":145,"column":null}},"61":{"start":{"line":145,"column":24},"end":{"line":145,"column":null}},"62":{"start":{"line":146,"column":14},"end":{"line":146,"column":null}},"63":{"start":{"line":147,"column":21},"end":{"line":147,"column":null}},"64":{"start":{"line":148,"column":4},"end":{"line":148,"column":null}},"65":{"start":{"line":151,"column":4},"end":{"line":151,"column":null}},"66":{"start":{"line":151,"column":13},"end":{"line":151,"column":null}},"67":{"start":{"line":154,"column":4},"end":{"line":154,"column":null}},"68":{"start":{"line":158,"column":4},"end":{"line":161,"column":null}},"69":{"start":{"line":159,"column":6},"end":{"line":159,"column":null}},"70":{"start":{"line":160,"column":6},"end":{"line":160,"column":null}},"71":{"start":{"line":164,"column":4},"end":{"line":164,"column":null}},"72":{"start":{"line":165,"column":4},"end":{"line":165,"column":null}},"73":{"start":{"line":169,"column":4},"end":{"line":172,"column":null}},"74":{"start":{"line":170,"column":6},"end":{"line":170,"column":null}},"75":{"start":{"line":171,"column":6},"end":{"line":171,"column":null}},"76":{"start":{"line":173,"column":4},"end":{"line":173,"column":null}},"77":{"start":{"line":174,"column":4},"end":{"line":174,"column":null}},"78":{"start":{"line":175,"column":4},"end":{"line":207,"column":null}},"79":{"start":{"line":177,"column":18},"end":{"line":181,"column":null}},"80":{"start":{"line":182,"column":6},"end":{"line":185,"column":null}},"81":{"start":{"line":183,"column":21},"end":{"line":183,"column":null}},"82":{"start":{"line":184,"column":8},"end":{"line":184,"column":null}},"83":{"start":{"line":186,"column":19},"end":{"line":186,"column":37}},"84":{"start":{"line":189,"column":30},"end":{"line":198,"column":null}},"85":{"start":{"line":199,"column":6},"end":{"line":199,"column":null}},"86":{"start":{"line":199,"column":26},"end":{"line":199,"column":null}},"87":{"start":{"line":200,"column":6},"end":{"line":200,"column":null}},"88":{"start":{"line":201,"column":6},"end":{"line":201,"column":null}},"89":{"start":{"line":202,"column":6},"end":{"line":202,"column":null}},"90":{"start":{"line":204,"column":6},"end":{"line":204,"column":null}},"91":{"start":{"line":206,"column":6},"end":{"line":206,"column":null}},"92":{"start":{"line":232,"column":29},"end":{"line":232,"column":null}},"93":{"start":{"line":243,"column":29},"end":{"line":243,"column":null}},"94":{"start":{"line":252,"column":31},"end":{"line":252,"column":53}},"95":{"start":{"line":253,"column":30},"end":{"line":253,"column":null}},"96":{"start":{"line":254,"column":14},"end":{"line":256,"column":null}},"97":{"start":{"line":257,"column":33},"end":{"line":257,"column":null}},"98":{"start":{"line":288,"column":31},"end":{"line":288,"column":null}},"99":{"start":{"line":322,"column":20},"end":{"line":329,"column":null}},"100":{"start":{"line":330,"column":32},"end":{"line":330,"column":null}},"101":{"start":{"line":331,"column":34},"end":{"line":331,"column":null}},"102":{"start":{"line":369,"column":43},"end":{"line":369,"column":95}},"103":{"start":{"line":370,"column":46},"end":{"line":370,"column":109}},"104":{"start":{"line":371,"column":26},"end":{"line":372,"column":48}},"105":{"start":{"line":390,"column":53},"end":{"line":390,"column":null}},"106":{"start":{"line":397,"column":53},"end":{"line":397,"column":null}},"107":{"start":{"line":422,"column":39},"end":{"line":422,"column":66}},"108":{"start":{"line":429,"column":37},"end":{"line":429,"column":null}},"109":{"start":{"line":438,"column":37},"end":{"line":438,"column":null}},"110":{"start":{"line":442,"column":22},"end":{"line":442,"column":38}}},"fnMap":{"0":{"name":"HomePage","decl":{"start":{"line":69,"column":24},"end":{"line":69,"column":null}},"loc":{"start":{"line":69,"column":24},"end":{"line":520,"column":null}}},"1":{"name":"(anonymous_3)","decl":{"start":{"line":83,"column":12},"end":{"line":83,"column":null}},"loc":{"start":{"line":83,"column":12},"end":{"line":92,"column":5}}},"2":{"name":"(anonymous_4)","decl":{"start":{"line":95,"column":12},"end":{"line":95,"column":null}},"loc":{"start":{"line":95,"column":12},"end":{"line":99,"column":5}}},"3":{"name":"(anonymous_5)","decl":{"start":{"line":102,"column":12},"end":{"line":102,"column":null}},"loc":{"start":{"line":102,"column":12},"end":{"line":135,"column":5}}},"4":{"name":"(anonymous_6)","decl":{"start":{"line":103,"column":40},"end":{"line":103,"column":45}},"loc":{"start":{"line":103,"column":45},"end":{"line":103,"column":null}}},"5":{"name":"(anonymous_7)","decl":{"start":{"line":106,"column":33},"end":{"line":106,"column":null}},"loc":{"start":{"line":106,"column":33},"end":{"line":132,"column":7}}},"6":{"name":"(anonymous_8)","decl":{"start":{"line":114,"column":22},"end":{"line":114,"column":30}},"loc":{"start":{"line":114,"column":30},"end":{"line":127,"column":null}}},"7":{"name":"(anonymous_9)","decl":{"start":{"line":114,"column":39},"end":{"line":114,"column":null}},"loc":{"start":{"line":114,"column":39},"end":{"line":127,"column":null}}},"8":{"name":"(anonymous_10)","decl":{"start":{"line":134,"column":11},"end":{"line":134,"column":17}},"loc":{"start":{"line":134,"column":17},"end":{"line":134,"column":null}}},"9":{"name":"(anonymous_11)","decl":{"start":{"line":138,"column":12},"end":{"line":138,"column":null}},"loc":{"start":{"line":138,"column":12},"end":{"line":140,"column":5}}},"10":{"name":"(anonymous_12)","decl":{"start":{"line":142,"column":48},"end":{"line":142,"column":53}},"loc":{"start":{"line":142,"column":53},"end":{"line":142,"column":78}}},"11":{"name":"(anonymous_13)","decl":{"start":{"line":144,"column":39},"end":{"line":144,"column":null}},"loc":{"start":{"line":144,"column":39},"end":{"line":149,"column":null}}},"12":{"name":"openVideo","decl":{"start":{"line":150,"column":11},"end":{"line":150,"column":21}},"loc":{"start":{"line":150,"column":40},"end":{"line":152,"column":null}}},"13":{"name":"closeVideo","decl":{"start":{"line":153,"column":11},"end":{"line":153,"column":null}},"loc":{"start":{"line":153,"column":11},"end":{"line":155,"column":null}}},"14":{"name":"openReport","decl":{"start":{"line":157,"column":11},"end":{"line":157,"column":22}},"loc":{"start":{"line":157,"column":35},"end":{"line":162,"column":null}}},"15":{"name":"closeReport","decl":{"start":{"line":163,"column":11},"end":{"line":163,"column":null}},"loc":{"start":{"line":163,"column":11},"end":{"line":166,"column":null}}},"16":{"name":"createAndRunTest","decl":{"start":{"line":168,"column":17},"end":{"line":168,"column":null}},"loc":{"start":{"line":168,"column":17},"end":{"line":208,"column":null}}},"17":{"name":"(anonymous_19)","decl":{"start":{"line":199,"column":18},"end":{"line":199,"column":26}},"loc":{"start":{"line":199,"column":26},"end":{"line":199,"column":null}}},"18":{"name":"(anonymous_20)","decl":{"start":{"line":232,"column":23},"end":{"line":232,"column":29}},"loc":{"start":{"line":232,"column":29},"end":{"line":232,"column":null}}},"19":{"name":"(anonymous_21)","decl":{"start":{"line":243,"column":24},"end":{"line":243,"column":29}},"loc":{"start":{"line":243,"column":29},"end":{"line":243,"column":null}}},"20":{"name":"(anonymous_22)","decl":{"start":{"line":251,"column":30},"end":{"line":251,"column":null}},"loc":{"start":{"line":251,"column":30},"end":{"line":270,"column":null}}},"21":{"name":"(anonymous_23)","decl":{"start":{"line":257,"column":27},"end":{"line":257,"column":33}},"loc":{"start":{"line":257,"column":33},"end":{"line":257,"column":null}}},"22":{"name":"(anonymous_24)","decl":{"start":{"line":288,"column":25},"end":{"line":288,"column":31}},"loc":{"start":{"line":288,"column":31},"end":{"line":288,"column":null}}},"23":{"name":"(anonymous_25)","decl":{"start":{"line":320,"column":20},"end":{"line":320,"column":null}},"loc":{"start":{"line":320,"column":20},"end":{"line":338,"column":null}}},"24":{"name":"(anonymous_26)","decl":{"start":{"line":368,"column":47},"end":{"line":368,"column":null}},"loc":{"start":{"line":368,"column":47},"end":{"line":406,"column":null}}},"25":{"name":"(anonymous_27)","decl":{"start":{"line":390,"column":47},"end":{"line":390,"column":53}},"loc":{"start":{"line":390,"column":53},"end":{"line":390,"column":null}}},"26":{"name":"(anonymous_28)","decl":{"start":{"line":397,"column":47},"end":{"line":397,"column":53}},"loc":{"start":{"line":397,"column":53},"end":{"line":397,"column":null}}},"27":{"name":"(anonymous_29)","decl":{"start":{"line":422,"column":33},"end":{"line":422,"column":39}},"loc":{"start":{"line":422,"column":39},"end":{"line":422,"column":66}}},"28":{"name":"(anonymous_30)","decl":{"start":{"line":429,"column":30},"end":{"line":429,"column":31}},"loc":{"start":{"line":429,"column":37},"end":{"line":429,"column":null}}},"29":{"name":"(anonymous_31)","decl":{"start":{"line":438,"column":30},"end":{"line":438,"column":31}},"loc":{"start":{"line":438,"column":37},"end":{"line":438,"column":null}}},"30":{"name":"(anonymous_32)","decl":{"start":{"line":441,"column":49},"end":{"line":441,"column":null}},"loc":{"start":{"line":442,"column":22},"end":{"line":442,"column":38}}}},"branchMap":{"0":{"loc":{"start":{"line":45,"column":15},"end":{"line":45,"column":null}},"type":"binary-expr","locations":[{"start":{"line":45,"column":15},"end":{"line":45,"column":47}},{"start":{"line":45,"column":51},"end":{"line":45,"column":null}}]},"1":{"loc":{"start":{"line":86,"column":6},"end":{"line":90,"column":null}},"type":"if","locations":[{"start":{"line":86,"column":6},"end":{"line":90,"column":null}}]},"2":{"loc":{"start":{"line":89,"column":8},"end":{"line":89,"column":null}},"type":"if","locations":[{"start":{"line":89,"column":8},"end":{"line":89,"column":null}}]},"3":{"loc":{"start":{"line":103,"column":45},"end":{"line":103,"column":null}},"type":"binary-expr","locations":[{"start":{"line":103,"column":45},"end":{"line":103,"column":71}},{"start":{"line":103,"column":71},"end":{"line":103,"column":null}}]},"4":{"loc":{"start":{"line":104,"column":4},"end":{"line":104,"column":null}},"type":"if","locations":[{"start":{"line":104,"column":4},"end":{"line":104,"column":null}}]},"5":{"loc":{"start":{"line":108,"column":8},"end":{"line":108,"column":null}},"type":"if","locations":[{"start":{"line":108,"column":8},"end":{"line":108,"column":null}}]},"6":{"loc":{"start":{"line":111,"column":10},"end":{"line":111,"column":null}},"type":"if","locations":[{"start":{"line":111,"column":10},"end":{"line":111,"column":null}}]},"7":{"loc":{"start":{"line":115,"column":12},"end":{"line":115,"column":null}},"type":"if","locations":[{"start":{"line":115,"column":12},"end":{"line":115,"column":null}}]},"8":{"loc":{"start":{"line":121,"column":12},"end":{"line":124,"column":null}},"type":"if","locations":[{"start":{"line":121,"column":12},"end":{"line":124,"column":null}}]},"9":{"loc":{"start":{"line":121,"column":16},"end":{"line":121,"column":53}},"type":"binary-expr","locations":[{"start":{"line":121,"column":16},"end":{"line":121,"column":42}},{"start":{"line":121,"column":42},"end":{"line":121,"column":53}}]},"10":{"loc":{"start":{"line":139,"column":4},"end":{"line":139,"column":null}},"type":"if","locations":[{"start":{"line":139,"column":4},"end":{"line":139,"column":null}}]},"11":{"loc":{"start":{"line":139,"column":8},"end":{"line":139,"column":39}},"type":"binary-expr","locations":[{"start":{"line":139,"column":8},"end":{"line":139,"column":24}},{"start":{"line":139,"column":24},"end":{"line":139,"column":39}}]},"12":{"loc":{"start":{"line":142,"column":20},"end":{"line":142,"column":null}},"type":"cond-expr","locations":[{"start":{"line":142,"column":34},"end":{"line":142,"column":85}},{"start":{"line":142,"column":85},"end":{"line":142,"column":null}}]},"13":{"loc":{"start":{"line":142,"column":34},"end":{"line":142,"column":85}},"type":"binary-expr","locations":[{"start":{"line":142,"column":34},"end":{"line":142,"column":78}},{"start":{"line":142,"column":78},"end":{"line":142,"column":85}}]},"14":{"loc":{"start":{"line":145,"column":4},"end":{"line":145,"column":null}},"type":"if","locations":[{"start":{"line":145,"column":4},"end":{"line":145,"column":null}}]},"15":{"loc":{"start":{"line":147,"column":21},"end":{"line":147,"column":null}},"type":"binary-expr","locations":[{"start":{"line":147,"column":21},"end":{"line":147,"column":39}},{"start":{"line":147,"column":43},"end":{"line":147,"column":null}}]},"16":{"loc":{"start":{"line":148,"column":11},"end":{"line":148,"column":null}},"type":"binary-expr","locations":[{"start":{"line":148,"column":11},"end":{"line":148,"column":47}},{"start":{"line":148,"column":47},"end":{"line":148,"column":null}}]},"17":{"loc":{"start":{"line":151,"column":4},"end":{"line":151,"column":null}},"type":"if","locations":[{"start":{"line":151,"column":4},"end":{"line":151,"column":null}}]},"18":{"loc":{"start":{"line":158,"column":4},"end":{"line":161,"column":null}},"type":"if","locations":[{"start":{"line":158,"column":4},"end":{"line":161,"column":null}}]},"19":{"loc":{"start":{"line":169,"column":4},"end":{"line":172,"column":null}},"type":"if","locations":[{"start":{"line":169,"column":4},"end":{"line":172,"column":null}}]},"20":{"loc":{"start":{"line":182,"column":6},"end":{"line":185,"column":null}},"type":"if","locations":[{"start":{"line":182,"column":6},"end":{"line":185,"column":null}}]},"21":{"loc":{"start":{"line":184,"column":24},"end":{"line":184,"column":52}},"type":"binary-expr","locations":[{"start":{"line":184,"column":24},"end":{"line":184,"column":32}},{"start":{"line":184,"column":32},"end":{"line":184,"column":52}}]},"22":{"loc":{"start":{"line":204,"column":15},"end":{"line":204,"column":null}},"type":"binary-expr","locations":[{"start":{"line":204,"column":15},"end":{"line":204,"column":24}},{"start":{"line":204,"column":28},"end":{"line":204,"column":null}}]},"23":{"loc":{"start":{"line":236,"column":15},"end":{"line":236,"column":null}},"type":"cond-expr","locations":[{"start":{"line":236,"column":25},"end":{"line":236,"column":38}},{"start":{"line":236,"column":38},"end":{"line":236,"column":null}}]},"24":{"loc":{"start":{"line":248,"column":13},"end":{"line":248,"column":null}},"type":"binary-expr","locations":[{"start":{"line":248,"column":13},"end":{"line":248,"column":null}}]},"25":{"loc":{"start":{"line":258,"column":94},"end":{"line":258,"column":221}},"type":"cond-expr","locations":[{"start":{"line":258,"column":105},"end":{"line":258,"column":141}},{"start":{"line":258,"column":141},"end":{"line":258,"column":221}}]},"26":{"loc":{"start":{"line":261,"column":60},"end":{"line":261,"column":107}},"type":"cond-expr","locations":[{"start":{"line":261,"column":71},"end":{"line":261,"column":90}},{"start":{"line":261,"column":90},"end":{"line":261,"column":107}}]},"27":{"loc":{"start":{"line":275,"column":11},"end":{"line":275,"column":null}},"type":"binary-expr","locations":[{"start":{"line":275,"column":11},"end":{"line":275,"column":null}}]},"28":{"loc":{"start":{"line":278,"column":11},"end":{"line":278,"column":25}},"type":"binary-expr","locations":[{"start":{"line":278,"column":11},"end":{"line":278,"column":25}},{"start":{"line":278,"column":25},"end":{"line":278,"column":null}}]},"29":{"loc":{"start":{"line":295,"column":11},"end":{"line":295,"column":null}},"type":"binary-expr","locations":[{"start":{"line":295,"column":11},"end":{"line":295,"column":null}}]},"30":{"loc":{"start":{"line":304,"column":20},"end":{"line":304,"column":54}},"type":"binary-expr","locations":[{"start":{"line":304,"column":20},"end":{"line":304,"column":54}},{"start":{"line":304,"column":54},"end":{"line":304,"column":83}}]},"31":{"loc":{"start":{"line":308,"column":25},"end":{"line":308,"column":null}},"type":"cond-expr","locations":[{"start":{"line":308,"column":58},"end":{"line":308,"column":72}},{"start":{"line":308,"column":72},"end":{"line":308,"column":null}}]},"32":{"loc":{"start":{"line":312,"column":19},"end":{"line":312,"column":null}},"type":"binary-expr","locations":[{"start":{"line":312,"column":19},"end":{"line":312,"column":null}}]},"33":{"loc":{"start":{"line":322,"column":20},"end":{"line":329,"column":null}},"type":"if","locations":[{"start":{"line":322,"column":20},"end":{"line":329,"column":null}}]},"34":{"loc":{"start":{"line":322,"column":24},"end":{"line":322,"column":90}},"type":"binary-expr","locations":[{"start":{"line":322,"column":24},"end":{"line":322,"column":58}},{"start":{"line":322,"column":58},"end":{"line":322,"column":90}}]},"35":{"loc":{"start":{"line":331,"column":34},"end":{"line":331,"column":null}},"type":"cond-expr","locations":[{"start":{"line":331,"column":46},"end":{"line":331,"column":107}},{"start":{"line":331,"column":107},"end":{"line":331,"column":null}}]},"36":{"loc":{"start":{"line":331,"column":107},"end":{"line":331,"column":null}},"type":"cond-expr","locations":[{"start":{"line":331,"column":119},"end":{"line":331,"column":177}},{"start":{"line":331,"column":177},"end":{"line":331,"column":null}}]},"37":{"loc":{"start":{"line":345,"column":71},"end":{"line":345,"column":null}},"type":"binary-expr","locations":[{"start":{"line":345,"column":71},"end":{"line":345,"column":95}},{"start":{"line":345,"column":99},"end":{"line":345,"column":null}}]},"38":{"loc":{"start":{"line":349,"column":18},"end":{"line":356,"column":19}},"type":"cond-expr","locations":[{"start":{"line":349,"column":18},"end":{"line":356,"column":19}}]},"39":{"loc":{"start":{"line":348,"column":18},"end":{"line":348,"column":112}},"type":"binary-expr","locations":[{"start":{"line":348,"column":18},"end":{"line":348,"column":52}},{"start":{"line":348,"column":52},"end":{"line":348,"column":81}},{"start":{"line":348,"column":87},"end":{"line":348,"column":112}}]},"40":{"loc":{"start":{"line":369,"column":43},"end":{"line":369,"column":95}},"type":"cond-expr","locations":[{"start":{"line":369,"column":63},"end":{"line":369,"column":90}},{"start":{"line":369,"column":90},"end":{"line":369,"column":95}}]},"41":{"loc":{"start":{"line":370,"column":46},"end":{"line":370,"column":109}},"type":"cond-expr","locations":[{"start":{"line":370,"column":70},"end":{"line":370,"column":101}},{"start":{"line":370,"column":101},"end":{"line":370,"column":109}}]},"42":{"loc":{"start":{"line":379,"column":34},"end":{"line":381,"column":35}},"type":"cond-expr","locations":[{"start":{"line":379,"column":34},"end":{"line":381,"column":35}}]},"43":{"loc":{"start":{"line":387,"column":35},"end":{"line":387,"column":46}},"type":"binary-expr","locations":[{"start":{"line":387,"column":35},"end":{"line":387,"column":46}}]},"44":{"loc":{"start":{"line":394,"column":35},"end":{"line":394,"column":43}},"type":"binary-expr","locations":[{"start":{"line":394,"column":35},"end":{"line":394,"column":43}}]},"45":{"loc":{"start":{"line":401,"column":35},"end":{"line":401,"column":47}},"type":"binary-expr","locations":[{"start":{"line":401,"column":35},"end":{"line":401,"column":47}},{"start":{"line":401,"column":51},"end":{"line":401,"column":60}}]},"46":{"loc":{"start":{"line":417,"column":9},"end":{"line":417,"column":null}},"type":"binary-expr","locations":[{"start":{"line":417,"column":9},"end":{"line":417,"column":null}}]},"47":{"loc":{"start":{"line":451,"column":19},"end":{"line":451,"column":null}},"type":"cond-expr","locations":[{"start":{"line":451,"column":29},"end":{"line":451,"column":47}},{"start":{"line":451,"column":47},"end":{"line":451,"column":null}}]},"48":{"loc":{"start":{"line":457,"column":7},"end":{"line":457,"column":null}},"type":"binary-expr","locations":[{"start":{"line":457,"column":7},"end":{"line":457,"column":null}}]},"49":{"loc":{"start":{"line":482,"column":7},"end":{"line":482,"column":null}},"type":"binary-expr","locations":[{"start":{"line":482,"column":7},"end":{"line":482,"column":null}}]},"50":{"loc":{"start":{"line":506,"column":26},"end":{"line":507,"column":27}},"type":"cond-expr","locations":[{"start":{"line":506,"column":26},"end":{"line":507,"column":27}}]}},"s":{"0":35,"1":1,"2":1,"3":1,"4":1,"5":1,"6":94,"7":93,"8":93,"9":93,"10":93,"11":93,"12":93,"13":93,"14":93,"15":93,"16":93,"17":93,"18":35,"19":35,"20":35,"21":23,"22":23,"23":23,"24":23,"25":93,"26":61,"27":61,"28":93,"29":61,"30":30,"31":61,"32":57,"33":4,"34":4,"35":4,"36":0,"37":4,"38":4,"39":4,"40":0,"41":4,"42":4,"43":1,"44":1,"45":0,"46":1,"47":1,"48":1,"49":1,"50":1,"51":0,"52":4,"53":4,"54":93,"55":61,"56":0,"57":93,"58":39,"59":93,"60":48,"61":40,"62":8,"63":8,"64":8,"65":3,"66":3,"67":1,"68":3,"69":3,"70":3,"71":1,"72":1,"73":5,"74":1,"75":1,"76":4,"77":4,"78":4,"79":4,"80":4,"81":1,"82":1,"83":2,"84":2,"85":2,"86":2,"87":2,"88":2,"89":2,"90":2,"91":4,"92":6,"93":5,"94":44,"95":44,"96":44,"97":0,"98":1,"99":39,"100":35,"101":35,"102":27,"103":27,"104":27,"105":3,"106":3,"107":1,"108":4,"109":1,"110":90},"f":{"0":94,"1":35,"2":61,"3":61,"4":30,"5":4,"6":1,"7":1,"8":4,"9":61,"10":39,"11":48,"12":3,"13":1,"14":3,"15":1,"16":5,"17":2,"18":6,"19":5,"20":44,"21":0,"22":1,"23":39,"24":27,"25":3,"26":3,"27":1,"28":4,"29":1,"30":90},"b":{"0":[1,1],"1":[23],"2":[23],"3":[30,27],"4":[57],"5":[0],"6":[0],"7":[0],"8":[1],"9":[1,1],"10":[0],"11":[61,35],"12":[39,54],"13":[39,0],"14":[40],"15":[8,4],"16":[8,4],"17":[3],"18":[3],"19":[1],"20":[1],"21":[1,0],"22":[2,0],"23":[4,89],"24":[93],"25":[38,6],"26":[38,6],"27":[93],"28":[93,54],"29":[93],"30":[39,36],"31":[3,1],"32":[39],"33":[4],"34":[39,36],"35":[32,3],"36":[1,2],"37":[39,18],"38":[4],"39":[39,36,4],"40":[0,27],"41":[0,27],"42":[21],"43":[27],"44":[27],"45":[27,14],"46":[93],"47":[4,14],"48":[93],"49":[93],"50":[0]}}
,"C:\\Users\\ohama\\OneDrive\\Desktop\\School\\F25\\454and491\\LiveGap\\livegap-mini\\frontend\\app\\about\\page.tsx": {"path":"C:\\Users\\ohama\\OneDrive\\Desktop\\School\\F25\\454and491\\LiveGap\\livegap-mini\\frontend\\app\\about\\page.tsx","statementMap":{"0":{"start":{"line":5,"column":24},"end":{"line":5,"column":null}},"1":{"start":{"line":3,"column":17},"end":{"line":3,"column":null}},"2":{"start":{"line":85,"column":14},"end":{"line":85,"column":27}},"3":{"start":{"line":124,"column":14},"end":{"line":124,"column":27}},"4":{"start":{"line":275,"column":14},"end":{"line":275,"column":27}},"5":{"start":{"line":362,"column":14},"end":{"line":362,"column":27}},"6":{"start":{"line":391,"column":24},"end":{"line":391,"column":36}}},"fnMap":{"0":{"name":"AboutPage","decl":{"start":{"line":5,"column":24},"end":{"line":5,"column":null}},"loc":{"start":{"line":5,"column":24},"end":{"line":541,"column":null}}},"1":{"name":"(anonymous_3)","decl":{"start":{"line":84,"column":18},"end":{"line":84,"column":19}},"loc":{"start":{"line":85,"column":14},"end":{"line":85,"column":27}}},"2":{"name":"(anonymous_4)","decl":{"start":{"line":123,"column":18},"end":{"line":123,"column":19}},"loc":{"start":{"line":124,"column":14},"end":{"line":124,"column":27}}},"3":{"name":"(anonymous_5)","decl":{"start":{"line":274,"column":18},"end":{"line":274,"column":19}},"loc":{"start":{"line":275,"column":14},"end":{"line":275,"column":27}}},"4":{"name":"(anonymous_6)","decl":{"start":{"line":361,"column":18},"end":{"line":361,"column":19}},"loc":{"start":{"line":362,"column":14},"end":{"line":362,"column":27}}},"5":{"name":"(anonymous_7)","decl":{"start":{"line":390,"column":45},"end":{"line":390,"column":46}},"loc":{"start":{"line":391,"column":24},"end":{"line":391,"column":36}}}},"branchMap":{"0":{"loc":{"start":{"line":133,"column":17},"end":{"line":133,"column":null}},"type":"binary-expr","locations":[{"start":{"line":133,"column":17},"end":{"line":133,"column":null}}]},"1":{"loc":{"start":{"line":363,"column":16},"end":{"line":365,"column":null}},"type":"cond-expr","locations":[{"start":{"line":363,"column":43},"end":{"line":363,"column":null}},{"start":{"line":364,"column":16},"end":{"line":365,"column":null}}]},"2":{"loc":{"start":{"line":364,"column":16},"end":{"line":365,"column":null}},"type":"cond-expr","locations":[{"start":{"line":364,"column":42},"end":{"line":364,"column":null}},{"start":{"line":365,"column":16},"end":{"line":365,"column":null}}]},"3":{"loc":{"start":{"line":372,"column":24},"end":{"line":374,"column":null}},"type":"cond-expr","locations":[{"start":{"line":372,"column":51},"end":{"line":372,"column":null}},{"start":{"line":373,"column":24},"end":{"line":374,"column":null}}]},"4":{"loc":{"start":{"line":373,"column":24},"end":{"line":374,"column":null}},"type":"cond-expr","locations":[{"start":{"line":373,"column":50},"end":{"line":373,"column":null}},{"start":{"line":374,"column":24},"end":{"line":374,"column":null}}]}},"s":{"0":1,"1":1,"2":3,"3":3,"4":6,"5":5,"6":25},"f":{"0":1,"1":3,"2":3,"3":6,"4":5,"5":25},"b":{"0":[3],"1":[2,3],"2":[1,2],"3":[2,3],"4":[1,2]}}
,"C:\\Users\\ohama\\OneDrive\\Desktop\\School\\F25\\454and491\\LiveGap\\livegap-mini\\frontend\\components\\ui\\avatar.tsx": {"path":"C:\\Users\\ohama\\OneDrive\\Desktop\\School\\F25\\454and491\\LiveGap\\livegap-mini\\frontend\\components\\ui\\avatar.tsx","statementMap":{"0":{"start":{"line":50,"column":9},"end":{"line":50,"column":15}},"1":{"start":{"line":50,"column":30},"end":{"line":50,"column":44}},"2":{"start":{"line":50,"column":17},"end":{"line":50,"column":28}},"3":{"start":{"line":3,"column":23},"end":{"line":3,"column":null}},"4":{"start":{"line":4,"column":33},"end":{"line":4,"column":null}},"5":{"start":{"line":6,"column":19},"end":{"line":6,"column":null}},"6":{"start":{"line":21,"column":0},"end":{"line":21,"column":null}},"7":{"start":{"line":33,"column":0},"end":{"line":33,"column":null}},"8":{"start":{"line":48,"column":0},"end":{"line":48,"column":null}}},"fnMap":{},"branchMap":{},"s":{"0":0,"1":0,"2":0,"3":0,"4":0,"5":0,"6":0,"7":0,"8":0},"f":{},"b":{}}
,"C:\\Users\\ohama\\OneDrive\\Desktop\\School\\F25\\454and491\\LiveGap\\livegap-mini\\frontend\\components\\ui\\badge.tsx": {"path":"C:\\Users\\ohama\\OneDrive\\Desktop\\School\\F25\\454and491\\LiveGap\\livegap-mini\\frontend\\components\\ui\\badge.tsx","statementMap":{"0":{"start":{"line":36,"column":9},"end":{"line":36,"column":14}},"1":{"start":{"line":36,"column":16},"end":{"line":36,"column":29}},"2":{"start":{"line":1,"column":23},"end":{"line":1,"column":null}},"3":{"start":{"line":2,"column":39},"end":{"line":2,"column":null}},"4":{"start":{"line":4,"column":19},"end":{"line":4,"column":null}},"5":{"start":{"line":6,"column":22},"end":{"line":23,"column":null}}},"fnMap":{"0":{"name":"Badge","decl":{"start":{"line":30,"column":9},"end":{"line":30,"column":15}},"loc":{"start":{"line":30,"column":59},"end":{"line":34,"column":null}}}},"branchMap":{},"s":{"0":4,"1":0,"2":1,"3":1,"4":1,"5":1},"f":{"0":4},"b":{}}
,"C:\\Users\\ohama\\OneDrive\\Desktop\\School\\F25\\454and491\\LiveGap\\livegap-mini\\frontend\\components\\ui\\button.tsx": {"path":"C:\\Users\\ohama\\OneDrive\\Desktop\\School\\F25\\454and491\\LiveGap\\livegap-mini\\frontend\\components\\ui\\button.tsx","statementMap":{"0":{"start":{"line":57,"column":9},"end":{"line":57,"column":15}},"1":{"start":{"line":57,"column":17},"end":{"line":57,"column":31}},"2":{"start":{"line":1,"column":23},"end":{"line":1,"column":null}},"3":{"start":{"line":2,"column":21},"end":{"line":2,"column":null}},"4":{"start":{"line":3,"column":39},"end":{"line":3,"column":null}},"5":{"start":{"line":5,"column":19},"end":{"line":5,"column":null}},"6":{"start":{"line":7,"column":23},"end":{"line":34,"column":null}},"7":{"start":{"line":43,"column":15},"end":{"line":53,"column":null}},"8":{"start":{"line":45,"column":17},"end":{"line":45,"column":null}},"9":{"start":{"line":55,"column":0},"end":{"line":55,"column":null}}},"fnMap":{"0":{"name":"(anonymous_6)","decl":{"start":{"line":44,"column":2},"end":{"line":44,"column":3}},"loc":{"start":{"line":44,"column":60},"end":{"line":53,"column":null}}}},"branchMap":{"0":{"loc":{"start":{"line":44,"column":31},"end":{"line":44,"column":46}},"type":"default-arg","locations":[{"start":{"line":44,"column":41},"end":{"line":44,"column":46}}]},"1":{"loc":{"start":{"line":45,"column":17},"end":{"line":45,"column":null}},"type":"cond-expr","locations":[{"start":{"line":45,"column":27},"end":{"line":45,"column":31}},{"start":{"line":45,"column":34},"end":{"line":45,"column":null}}]}},"s":{"0":7,"1":0,"2":1,"3":1,"4":1,"5":1,"6":1,"7":1,"8":8,"9":1},"f":{"0":8},"b":{"0":[8],"1":[0,8]}}
,"C:\\Users\\ohama\\OneDrive\\Desktop\\School\\F25\\454and491\\LiveGap\\livegap-mini\\frontend\\components\\ui\\card.tsx": {"path":"C:\\Users\\ohama\\OneDrive\\Desktop\\School\\F25\\454and491\\LiveGap\\livegap-mini\\frontend\\components\\ui\\card.tsx","statementMap":{"0":{"start":{"line":76,"column":9},"end":{"line":76,"column":13}},"1":{"start":{"line":76,"column":67},"end":{"line":76,"column":78}},"2":{"start":{"line":76,"column":50},"end":{"line":76,"column":65}},"3":{"start":{"line":76,"column":27},"end":{"line":76,"column":37}},"4":{"start":{"line":76,"column":15},"end":{"line":76,"column":25}},"5":{"start":{"line":76,"column":39},"end":{"line":76,"column":48}},"6":{"start":{"line":1,"column":23},"end":{"line":1,"column":null}},"7":{"start":{"line":3,"column":19},"end":{"line":3,"column":null}},"8":{"start":{"line":18,"column":0},"end":{"line":18,"column":null}},"9":{"start":{"line":30,"column":0},"end":{"line":30,"column":null}},"10":{"start":{"line":42,"column":0},"end":{"line":42,"column":null}},"11":{"start":{"line":54,"column":0},"end":{"line":54,"column":null}},"12":{"start":{"line":62,"column":0},"end":{"line":62,"column":null}},"13":{"start":{"line":74,"column":0},"end":{"line":74,"column":null}}},"fnMap":{},"branchMap":{},"s":{"0":3,"1":2,"2":1,"3":1,"4":2,"5":2,"6":1,"7":1,"8":1,"9":1,"10":1,"11":1,"12":1,"13":1},"f":{},"b":{}}
,"C:\\Users\\ohama\\OneDrive\\Desktop\\School\\F25\\454and491\\LiveGap\\livegap-mini\\frontend\\components\\ui\\dialog.tsx": {"path":"C:\\Users\\ohama\\OneDrive\\Desktop\\School\\F25\\454and491\\LiveGap\\livegap-mini\\frontend\\components\\ui\\dialog.tsx","statementMap":{"0":{"start":{"line":112,"column":2},"end":{"line":112,"column":8}},"1":{"start":{"line":116,"column":2},"end":{"line":116,"column":13}},"2":{"start":{"line":117,"column":2},"end":{"line":117,"column":15}},"3":{"start":{"line":121,"column":2},"end":{"line":121,"column":19}},"4":{"start":{"line":119,"column":2},"end":{"line":119,"column":14}},"5":{"start":{"line":118,"column":2},"end":{"line":118,"column":14}},"6":{"start":{"line":114,"column":2},"end":{"line":114,"column":15}},"7":{"start":{"line":113,"column":2},"end":{"line":113,"column":14}},"8":{"start":{"line":120,"column":2},"end":{"line":120,"column":13}},"9":{"start":{"line":115,"column":2},"end":{"line":115,"column":15}},"10":{"start":{"line":3,"column":23},"end":{"line":3,"column":null}},"11":{"start":{"line":4,"column":33},"end":{"line":4,"column":null}},"12":{"start":{"line":5,"column":18},"end":{"line":5,"column":null}},"13":{"start":{"line":7,"column":19},"end":{"line":7,"column":null}},"14":{"start":{"line":9,"column":15},"end":{"line":9,"column":35}},"15":{"start":{"line":11,"column":22},"end":{"line":11,"column":45}},"16":{"start":{"line":13,"column":21},"end":{"line":13,"column":43}},"17":{"start":{"line":15,"column":20},"end":{"line":15,"column":41}},"18":{"start":{"line":30,"column":0},"end":{"line":30,"column":null}},"19":{"start":{"line":54,"column":0},"end":{"line":54,"column":null}},"20":{"start":{"line":68,"column":0},"end":{"line":68,"column":null}},"21":{"start":{"line":82,"column":0},"end":{"line":82,"column":null}},"22":{"start":{"line":97,"column":0},"end":{"line":97,"column":null}},"23":{"start":{"line":109,"column":0},"end":{"line":109,"column":null}}},"fnMap":{},"branchMap":{},"s":{"0":2,"1":0,"2":2,"3":1,"4":1,"5":2,"6":0,"7":0,"8":2,"9":1,"10":1,"11":1,"12":1,"13":1,"14":1,"15":1,"16":1,"17":1,"18":1,"19":1,"20":1,"21":1,"22":1,"23":1},"f":{},"b":{}}
,"C:\\Users\\ohama\\OneDrive\\Desktop\\School\\F25\\454and491\\LiveGap\\livegap-mini\\frontend\\components\\ui\\input.tsx": {"path":"C:\\Users\\ohama\\OneDrive\\Desktop\\School\\F25\\454and491\\LiveGap\\livegap-mini\\frontend\\components\\ui\\input.tsx","statementMap":{"0":{"start":{"line":22,"column":9},"end":{"line":22,"column":null}},"1":{"start":{"line":1,"column":23},"end":{"line":1,"column":null}},"2":{"start":{"line":3,"column":19},"end":{"line":3,"column":null}},"3":{"start":{"line":5,"column":14},"end":{"line":18,"column":null}},"4":{"start":{"line":20,"column":0},"end":{"line":20,"column":null}}},"fnMap":{"0":{"name":"(anonymous_4)","decl":{"start":{"line":6,"column":2},"end":{"line":6,"column":3}},"loc":{"start":{"line":6,"column":34},"end":{"line":18,"column":null}}}},"branchMap":{},"s":{"0":6,"1":1,"2":1,"3":1,"4":1},"f":{"0":6},"b":{}}
,"C:\\Users\\ohama\\OneDrive\\Desktop\\School\\F25\\454and491\\LiveGap\\livegap-mini\\frontend\\components\\ui\\label.tsx": {"path":"C:\\Users\\ohama\\OneDrive\\Desktop\\School\\F25\\454and491\\LiveGap\\livegap-mini\\frontend\\components\\ui\\label.tsx","statementMap":{"0":{"start":{"line":26,"column":9},"end":{"line":26,"column":null}},"1":{"start":{"line":3,"column":23},"end":{"line":3,"column":null}},"2":{"start":{"line":4,"column":32},"end":{"line":4,"column":null}},"3":{"start":{"line":5,"column":39},"end":{"line":5,"column":null}},"4":{"start":{"line":7,"column":19},"end":{"line":7,"column":null}},"5":{"start":{"line":9,"column":22},"end":{"line":10,"column":null}},"6":{"start":{"line":24,"column":0},"end":{"line":24,"column":null}}},"fnMap":{},"branchMap":{},"s":{"0":2,"1":1,"2":1,"3":1,"4":1,"5":1,"6":1},"f":{},"b":{}}
,"C:\\Users\\ohama\\OneDrive\\Desktop\\School\\F25\\454and491\\LiveGap\\livegap-mini\\frontend\\components\\ui\\select.tsx": {"path":"C:\\Users\\ohama\\OneDrive\\Desktop\\School\\F25\\454and491\\LiveGap\\livegap-mini\\frontend\\components\\ui\\select.tsx","statementMap":{"0":{"start":{"line":149,"column":2},"end":{"line":149,"column":8}},"1":{"start":{"line":153,"column":2},"end":{"line":153,"column":15}},"2":{"start":{"line":150,"column":2},"end":{"line":150,"column":13}},"3":{"start":{"line":155,"column":2},"end":{"line":155,"column":12}},"4":{"start":{"line":154,"column":2},"end":{"line":154,"column":13}},"5":{"start":{"line":158,"column":2},"end":{"line":158,"column":24}},"6":{"start":{"line":157,"column":2},"end":{"line":157,"column":22}},"7":{"start":{"line":156,"column":2},"end":{"line":156,"column":17}},"8":{"start":{"line":152,"column":2},"end":{"line":152,"column":15}},"9":{"start":{"line":151,"column":2},"end":{"line":151,"column":13}},"10":{"start":{"line":3,"column":23},"end":{"line":3,"column":null}},"11":{"start":{"line":4,"column":33},"end":{"line":4,"column":null}},"12":{"start":{"line":5,"column":46},"end":{"line":5,"column":null}},"13":{"start":{"line":7,"column":19},"end":{"line":7,"column":null}},"14":{"start":{"line":9,"column":15},"end":{"line":9,"column":35}},"15":{"start":{"line":11,"column":20},"end":{"line":11,"column":41}},"16":{"start":{"line":13,"column":20},"end":{"line":13,"column":41}},"17":{"start":{"line":33,"column":0},"end":{"line":33,"column":null}},"18":{"start":{"line":50,"column":0},"end":{"line":50,"column":null}},"19":{"start":{"line":67,"column":0},"end":{"line":68,"column":null}},"20":{"start":{"line":100,"column":0},"end":{"line":100,"column":null}},"21":{"start":{"line":112,"column":0},"end":{"line":112,"column":null}},"22":{"start":{"line":134,"column":0},"end":{"line":134,"column":null}},"23":{"start":{"line":146,"column":0},"end":{"line":146,"column":null}}},"fnMap":{},"branchMap":{"0":{"loc":{"start":{"line":73,"column":26},"end":{"line":73,"column":45}},"type":"default-arg","locations":[{"start":{"line":73,"column":37},"end":{"line":73,"column":45}}]},"1":{"loc":{"start":{"line":79,"column":8},"end":{"line":80,"column":null}},"type":"binary-expr","locations":[{"start":{"line":79,"column":8},"end":{"line":79,"column":null}},{"start":{"line":80,"column":10},"end":{"line":80,"column":null}}]},"2":{"loc":{"start":{"line":90,"column":10},"end":{"line":91,"column":null}},"type":"binary-expr","locations":[{"start":{"line":90,"column":10},"end":{"line":90,"column":null}},{"start":{"line":91,"column":12},"end":{"line":91,"column":null}}]}},"s":{"0":2,"1":2,"2":0,"3":3,"4":0,"5":0,"6":0,"7":0,"8":2,"9":2,"10":1,"11":1,"12":1,"13":1,"14":1,"15":1,"16":1,"17":1,"18":1,"19":1,"20":1,"21":1,"22":1,"23":1},"f":{},"b":{"0":[2],"1":[2,2],"2":[2,2]}}
,"C:\\Users\\ohama\\OneDrive\\Desktop\\School\\F25\\454and491\\LiveGap\\livegap-mini\\frontend\\components\\ui\\separator.tsx": {"path":"C:\\Users\\ohama\\OneDrive\\Desktop\\School\\F25\\454and491\\LiveGap\\livegap-mini\\frontend\\components\\ui\\separator.tsx","statementMap":{"0":{"start":{"line":31,"column":9},"end":{"line":31,"column":null}},"1":{"start":{"line":3,"column":23},"end":{"line":3,"column":null}},"2":{"start":{"line":4,"column":36},"end":{"line":4,"column":null}},"3":{"start":{"line":6,"column":19},"end":{"line":6,"column":null}},"4":{"start":{"line":29,"column":0},"end":{"line":29,"column":null}}},"fnMap":{},"branchMap":{"0":{"loc":{"start":{"line":13,"column":17},"end":{"line":13,"column":43}},"type":"default-arg","locations":[{"start":{"line":13,"column":31},"end":{"line":13,"column":43}}]},"1":{"loc":{"start":{"line":13,"column":45},"end":{"line":13,"column":62}},"type":"default-arg","locations":[{"start":{"line":13,"column":58},"end":{"line":13,"column":62}}]},"2":{"loc":{"start":{"line":22,"column":8},"end":{"line":22,"column":null}},"type":"cond-expr","locations":[{"start":{"line":22,"column":39},"end":{"line":22,"column":58}},{"start":{"line":22,"column":58},"end":{"line":22,"column":null}}]}},"s":{"0":0,"1":0,"2":0,"3":0,"4":0},"f":{},"b":{"0":[0],"1":[0],"2":[0,0]}}
,"C:\\Users\\ohama\\OneDrive\\Desktop\\School\\F25\\454and491\\LiveGap\\livegap-mini\\frontend\\components\\ui\\sheet.tsx": {"path":"C:\\Users\\ohama\\OneDrive\\Desktop\\School\\F25\\454and491\\LiveGap\\livegap-mini\\frontend\\components\\ui\\sheet.tsx","statementMap":{"0":{"start":{"line":130,"column":2},"end":{"line":130,"column":7}},"1":{"start":{"line":134,"column":2},"end":{"line":134,"column":12}},"2":{"start":{"line":135,"column":2},"end":{"line":135,"column":14}},"3":{"start":{"line":139,"column":2},"end":{"line":139,"column":18}},"4":{"start":{"line":137,"column":2},"end":{"line":137,"column":13}},"5":{"start":{"line":136,"column":2},"end":{"line":136,"column":13}},"6":{"start":{"line":132,"column":2},"end":{"line":132,"column":14}},"7":{"start":{"line":131,"column":2},"end":{"line":131,"column":13}},"8":{"start":{"line":138,"column":2},"end":{"line":138,"column":12}},"9":{"start":{"line":133,"column":2},"end":{"line":133,"column":14}},"10":{"start":{"line":3,"column":23},"end":{"line":3,"column":null}},"11":{"start":{"line":4,"column":32},"end":{"line":4,"column":null}},"12":{"start":{"line":5,"column":39},"end":{"line":5,"column":null}},"13":{"start":{"line":6,"column":18},"end":{"line":6,"column":null}},"14":{"start":{"line":8,"column":19},"end":{"line":8,"column":null}},"15":{"start":{"line":10,"column":14},"end":{"line":10,"column":33}},"16":{"start":{"line":12,"column":21},"end":{"line":12,"column":43}},"17":{"start":{"line":14,"column":19},"end":{"line":14,"column":39}},"18":{"start":{"line":16,"column":20},"end":{"line":16,"column":41}},"19":{"start":{"line":31,"column":0},"end":{"line":31,"column":null}},"20":{"start":{"line":33,"column":22},"end":{"line":49,"column":null}},"21":{"start":{"line":75,"column":0},"end":{"line":75,"column":null}},"22":{"start":{"line":89,"column":0},"end":{"line":89,"column":null}},"23":{"start":{"line":103,"column":0},"end":{"line":103,"column":null}},"24":{"start":{"line":115,"column":0},"end":{"line":115,"column":null}},"25":{"start":{"line":127,"column":0},"end":{"line":127,"column":null}}},"fnMap":{},"branchMap":{"0":{"loc":{"start":{"line":59,"column":5},"end":{"line":59,"column":19}},"type":"default-arg","locations":[{"start":{"line":59,"column":12},"end":{"line":59,"column":19}}]}},"s":{"0":0,"1":0,"2":0,"3":0,"4":0,"5":0,"6":0,"7":0,"8":0,"9":0,"10":0,"11":0,"12":0,"13":0,"14":0,"15":0,"16":0,"17":0,"18":0,"19":0,"20":0,"21":0,"22":0,"23":0,"24":0,"25":0},"f":{},"b":{"0":[0]}}
,"C:\\Users\\ohama\\OneDrive\\Desktop\\School\\F25\\454and491\\LiveGap\\livegap-mini\\frontend\\components\\ui\\table.tsx": {"path":"C:\\Users\\ohama\\OneDrive\\Desktop\\School\\F25\\454and491\\LiveGap\\livegap-mini\\frontend\\components\\ui\\table.tsx","statementMap":{"0":{"start":{"line":112,"column":2},"end":{"line":112,"column":7}},"1":{"start":{"line":114,"column":2},"end":{"line":114,"column":11}},"2":{"start":{"line":119,"column":2},"end":{"line":119,"column":14}},"3":{"start":{"line":118,"column":2},"end":{"line":118,"column":11}},"4":{"start":{"line":115,"column":2},"end":{"line":115,"column":13}},"5":{"start":{"line":116,"column":2},"end":{"line":116,"column":11}},"6":{"start":{"line":113,"column":2},"end":{"line":113,"column":13}},"7":{"start":{"line":117,"column":2},"end":{"line":117,"column":10}},"8":{"start":{"line":1,"column":23},"end":{"line":1,"column":null}},"9":{"start":{"line":3,"column":19},"end":{"line":3,"column":null}},"10":{"start":{"line":17,"column":0},"end":{"line":17,"column":null}},"11":{"start":{"line":25,"column":0},"end":{"line":25,"column":null}},"12":{"start":{"line":37,"column":0},"end":{"line":37,"column":null}},"13":{"start":{"line":52,"column":0},"end":{"line":52,"column":null}},"14":{"start":{"line":67,"column":0},"end":{"line":67,"column":null}},"15":{"start":{"line":82,"column":0},"end":{"line":82,"column":null}},"16":{"start":{"line":97,"column":0},"end":{"line":97,"column":null}},"17":{"start":{"line":109,"column":0},"end":{"line":109,"column":null}}},"fnMap":{},"branchMap":{},"s":{"0":0,"1":0,"2":0,"3":0,"4":0,"5":0,"6":0,"7":0,"8":0,"9":0,"10":0,"11":0,"12":0,"13":0,"14":0,"15":0,"16":0,"17":0},"f":{},"b":{}}
,"C:\\Users\\ohama\\OneDrive\\Desktop\\School\\F25\\454and491\\LiveGap\\livegap-mini\\frontend\\components\\ui\\tabs.tsx": {"path":"C:\\Users\\ohama\\OneDrive\\Desktop\\School\\F25\\454and491\\LiveGap\\livegap-mini\\frontend\\components\\ui\\tabs.tsx","statementMap":{"0":{"start":{"line":55,"column":9},"end":{"line":55,"column":13}},"1":{"start":{"line":55,"column":38},"end":{"line":55,"column":49}},"2":{"start":{"line":55,"column":15},"end":{"line":55,"column":23}},"3":{"start":{"line":55,"column":25},"end":{"line":55,"column":36}},"4":{"start":{"line":3,"column":23},"end":{"line":3,"column":null}},"5":{"start":{"line":4,"column":31},"end":{"line":4,"column":null}},"6":{"start":{"line":6,"column":19},"end":{"line":6,"column":null}},"7":{"start":{"line":8,"column":13},"end":{"line":8,"column":31}},"8":{"start":{"line":23,"column":0},"end":{"line":23,"column":null}},"9":{"start":{"line":38,"column":0},"end":{"line":38,"column":null}},"10":{"start":{"line":53,"column":0},"end":{"line":53,"column":null}}},"fnMap":{},"branchMap":{},"s":{"0":0,"1":0,"2":0,"3":0,"4":0,"5":0,"6":0,"7":0,"8":0,"9":0,"10":0},"f":{},"b":{}}
,"C:\\Users\\ohama\\OneDrive\\Desktop\\School\\F25\\454and491\\LiveGap\\livegap-mini\\frontend\\lib\\utils.ts": {"path":"C:\\Users\\ohama\\OneDrive\\Desktop\\School\\F25\\454and491\\LiveGap\\livegap-mini\\frontend\\lib\\utils.ts","statementMap":{"0":{"start":{"line":4,"column":16},"end":{"line":4,"column":19}},"1":{"start":{"line":1,"column":38},"end":{"line":1,"column":null}},"2":{"start":{"line":2,"column":24},"end":{"line":2,"column":null}},"3":{"start":{"line":5,"column":2},"end":{"line":5,"column":null}}},"fnMap":{"0":{"name":"cn","decl":{"start":{"line":4,"column":16},"end":{"line":4,"column":19}},"loc":{"start":{"line":4,"column":42},"end":{"line":6,"column":null}}}},"branchMap":{},"s":{"0":65,"1":2,"2":2,"3":65},"f":{"0":65},"b":{}}
}
