TN:
SF:app\layout.tsx
FN:8,RootLayout
FNF:1
FNH:1
FNDA:5,RootLayout
DA:3,3
DA:8,5
LF:2
LH:2
BRF:0
BRH:0
end_of_record
TN:
SF:app\page.tsx
FN:69,HomePage
FN:83,(anonymous_3)
FN:95,(anonymous_4)
FN:102,(anonymous_5)
FN:103,(anonymous_6)
FN:106,(anonymous_7)
FN:114,(anonymous_8)
FN:114,(anonymous_9)
FN:134,(anonymous_10)
FN:138,(anonymous_11)
FN:142,(anonymous_12)
FN:144,(anonymous_13)
FN:149,openVideo
FN:152,closeVideo
FN:156,openReport
FN:162,closeReport
FN:167,createAndRunTest
FN:198,(anonymous_19)
FN:231,(anonymous_20)
FN:242,(anonymous_21)
FN:250,(anonymous_22)
FN:256,(anonymous_23)
FN:287,(anonymous_24)
FN:319,(anonymous_25)
FN:367,(anonymous_26)
FN:389,(anonymous_27)
FN:396,(anonymous_28)
FN:421,(anonymous_29)
FN:428,(anonymous_30)
FN:437,(anonymous_31)
FN:440,(anonymous_32)
FNF:31
FNH:27
FNDA:93,HomePage
FNDA:35,(anonymous_3)
FNDA:61,(anonymous_4)
FNDA:61,(anonymous_5)
FNDA:30,(anonymous_6)
FNDA:4,(anonymous_7)
FNDA:1,(anonymous_8)
FNDA:1,(anonymous_9)
FNDA:4,(anonymous_10)
FNDA:61,(anonymous_11)
FNDA:38,(anonymous_12)
FNDA:46,(anonymous_13)
FNDA:0,openVideo
FNDA:0,closeVideo
FNDA:3,openReport
FNDA:1,closeReport
FNDA:5,createAndRunTest
FNDA:2,(anonymous_19)
FNDA:6,(anonymous_20)
FNDA:5,(anonymous_21)
FNDA:39,(anonymous_22)
FNDA:0,(anonymous_23)
FNDA:1,(anonymous_24)
FNDA:34,(anonymous_25)
FNDA:23,(anonymous_26)
FNDA:0,(anonymous_27)
FNDA:3,(anonymous_28)
FNDA:1,(anonymous_29)
FNDA:4,(anonymous_30)
FNDA:1,(anonymous_31)
FNDA:90,(anonymous_32)
DA:3,1
DA:4,1
DA:45,1
DA:47,1
DA:61,1
DA:69,35
DA:70,93
DA:71,92
DA:72,92
DA:73,92
DA:74,92
DA:75,92
DA:76,92
DA:77,92
DA:78,92
DA:79,92
DA:80,92
DA:83,92
DA:84,35
DA:85,35
DA:86,35
DA:87,23
DA:88,23
DA:89,23
DA:95,92
DA:96,61
DA:97,61
DA:102,92
DA:103,61
DA:104,61
DA:106,4
DA:107,4
DA:108,4
DA:109,4
DA:110,4
DA:111,4
DA:112,2
DA:114,2
DA:115,1
DA:118,1
DA:121,1
DA:122,1
DA:123,1
DA:126,1
DA:129,2
DA:134,4
DA:138,92
DA:139,61
DA:142,92
DA:144,92
DA:145,46
DA:146,10
DA:147,10
DA:150,0
DA:153,0
DA:157,3
DA:158,3
DA:159,3
DA:163,1
DA:164,1
DA:168,5
DA:169,1
DA:170,1
DA:172,4
DA:173,4
DA:174,4
DA:176,4
DA:181,4
DA:182,1
DA:183,1
DA:185,2
DA:188,2
DA:198,2
DA:199,2
DA:200,2
DA:201,2
DA:203,2
DA:205,4
DA:231,6
DA:242,5
DA:251,39
DA:252,39
DA:253,39
DA:256,0
DA:287,1
DA:321,34
DA:329,30
DA:330,30
DA:368,23
DA:369,23
DA:370,23
DA:389,0
DA:396,3
DA:421,1
DA:428,4
DA:437,1
DA:441,90
LF:97
LH:93
BRDA:45,0,0,1
BRDA:45,0,1,1
BRDA:86,1,0,23
BRDA:89,2,0,23
BRDA:103,3,0,30
BRDA:103,3,1,27
BRDA:104,4,0,57
BRDA:108,5,0,0
BRDA:111,6,0,0
BRDA:115,7,0,0
BRDA:121,8,0,1
BRDA:121,9,0,1
BRDA:121,9,1,1
BRDA:139,10,0,0
BRDA:139,11,0,61
BRDA:139,11,1,35
BRDA:142,12,0,38
BRDA:142,12,1,54
BRDA:142,13,0,38
BRDA:142,13,1,0
BRDA:145,14,0,36
BRDA:147,15,0,10
BRDA:147,15,1,7
BRDA:150,16,0,0
BRDA:157,17,0,3
BRDA:168,18,0,1
BRDA:181,19,0,1
BRDA:183,20,0,1
BRDA:183,20,1,0
BRDA:203,21,0,2
BRDA:203,21,1,0
BRDA:235,22,0,4
BRDA:235,22,1,84
BRDA:247,23,0,88
BRDA:257,24,0,34
BRDA:257,24,1,5
BRDA:260,25,0,34
BRDA:260,25,1,5
BRDA:274,26,0,88
BRDA:277,27,0,88
BRDA:277,27,1,54
BRDA:294,28,0,88
BRDA:303,29,0,34
BRDA:303,29,1,31
BRDA:307,30,0,3
BRDA:307,30,1,1
BRDA:311,31,0,34
BRDA:321,32,0,4
BRDA:321,33,0,34
BRDA:321,33,1,31
BRDA:330,34,0,27
BRDA:330,34,1,3
BRDA:330,35,0,1
BRDA:330,35,1,2
BRDA:344,36,0,34
BRDA:344,36,1,17
BRDA:348,37,0,4
BRDA:347,38,0,34
BRDA:347,38,1,31
BRDA:347,38,2,4
BRDA:368,39,0,0
BRDA:368,39,1,23
BRDA:369,40,0,0
BRDA:369,40,1,23
BRDA:378,41,0,17
BRDA:386,42,0,23
BRDA:393,43,0,23
BRDA:400,44,0,23
BRDA:400,44,1,14
BRDA:416,45,0,88
BRDA:450,46,0,4
BRDA:450,46,1,14
BRDA:456,47,0,88
BRDA:481,48,0,88
BRDA:505,49,0,0
BRF:75
BRH:64
end_of_record
TN:
SF:app\about\page.tsx
FN:5,AboutPage
FN:84,(anonymous_3)
FN:123,(anonymous_4)
FN:274,(anonymous_5)
FN:361,(anonymous_6)
FN:390,(anonymous_7)
FNF:6
FNH:6
FNDA:1,AboutPage
FNDA:3,(anonymous_3)
FNDA:3,(anonymous_4)
FNDA:6,(anonymous_5)
FNDA:5,(anonymous_6)
FNDA:25,(anonymous_7)
DA:3,1
DA:5,1
DA:85,3
DA:124,3
DA:275,6
DA:362,5
DA:391,25
LF:7
LH:7
BRDA:133,0,0,3
BRDA:363,1,0,2
BRDA:363,1,1,3
BRDA:364,2,0,1
BRDA:364,2,1,2
BRDA:372,3,0,2
BRDA:372,3,1,3
BRDA:373,4,0,1
BRDA:373,4,1,2
BRF:9
BRH:9
end_of_record
TN:
SF:components\ui\avatar.tsx
FNF:0
FNH:0
DA:3,0
DA:4,0
DA:6,0
DA:21,0
DA:33,0
DA:48,0
DA:50,0
LF:7
LH:0
BRF:0
BRH:0
end_of_record
TN:
SF:components\ui\badge.tsx
FN:30,Badge
FNF:1
FNH:1
FNDA:4,Badge
DA:1,1
DA:2,1
DA:4,1
DA:6,1
DA:36,4
LF:5
LH:5
BRF:0
BRH:0
end_of_record
TN:
SF:components\ui\button.tsx
FN:44,(anonymous_6)
FNF:1
FNH:1
FNDA:8,(anonymous_6)
DA:1,1
DA:2,1
DA:3,1
DA:5,1
DA:7,1
DA:43,1
DA:45,8
DA:55,1
DA:57,7
LF:9
LH:9
BRDA:44,0,0,8
BRDA:45,1,0,0
BRDA:45,1,1,8
BRF:3
BRH:2
end_of_record
TN:
SF:components\ui\card.tsx
FNF:0
FNH:0
DA:1,1
DA:3,1
DA:18,1
DA:30,1
DA:42,1
DA:54,1
DA:62,1
DA:74,1
DA:76,3
LF:9
LH:9
BRF:0
BRH:0
end_of_record
TN:
SF:components\ui\dialog.tsx
FNF:0
FNH:0
DA:3,1
DA:4,1
DA:5,1
DA:7,1
DA:9,1
DA:11,1
DA:13,1
DA:15,1
DA:30,1
DA:54,1
DA:68,1
DA:82,1
DA:97,1
DA:109,1
DA:112,2
DA:113,0
DA:114,0
DA:115,1
DA:116,0
DA:117,2
DA:118,2
DA:119,1
DA:120,2
DA:121,1
LF:24
LH:21
BRF:0
BRH:0
end_of_record
TN:
SF:components\ui\input.tsx
FN:6,(anonymous_4)
FNF:1
FNH:1
FNDA:6,(anonymous_4)
DA:1,1
DA:3,1
DA:5,1
DA:20,1
DA:22,6
LF:5
LH:5
BRF:0
BRH:0
end_of_record
TN:
SF:components\ui\label.tsx
FNF:0
FNH:0
DA:3,1
DA:4,1
DA:5,1
DA:7,1
DA:9,1
DA:24,1
DA:26,2
LF:7
LH:7
BRF:0
BRH:0
end_of_record
TN:
SF:components\ui\select.tsx
FNF:0
FNH:0
DA:3,1
DA:4,1
DA:5,1
DA:7,1
DA:9,1
DA:11,1
DA:13,1
DA:33,1
DA:50,1
DA:67,1
DA:100,1
DA:112,1
DA:134,1
DA:146,1
DA:149,2
DA:150,0
DA:151,2
DA:152,2
DA:153,2
DA:154,0
DA:155,3
DA:156,0
DA:157,0
DA:158,0
LF:24
LH:19
BRDA:73,0,0,2
BRDA:79,1,0,2
BRDA:79,1,1,2
BRDA:90,2,0,2
BRDA:90,2,1,2
BRF:5
BRH:5
end_of_record
TN:
SF:components\ui\separator.tsx
FNF:0
FNH:0
DA:3,0
DA:4,0
DA:6,0
DA:29,0
DA:31,0
LF:5
LH:0
BRDA:13,0,0,0
BRDA:13,1,0,0
BRDA:22,2,0,0
BRDA:22,2,1,0
BRF:4
BRH:0
end_of_record
TN:
SF:components\ui\sheet.tsx
FNF:0
FNH:0
DA:3,0
DA:4,0
DA:5,0
DA:6,0
DA:8,0
DA:10,0
DA:12,0
DA:14,0
DA:16,0
DA:31,0
DA:33,0
DA:75,0
DA:89,0
DA:103,0
DA:115,0
DA:127,0
DA:130,0
DA:131,0
DA:132,0
DA:133,0
DA:134,0
DA:135,0
DA:136,0
DA:137,0
DA:138,0
DA:139,0
LF:26
LH:0
BRDA:59,0,0,0
BRF:1
BRH:0
end_of_record
TN:
SF:components\ui\table.tsx
FNF:0
FNH:0
DA:1,0
DA:3,0
DA:17,0
DA:25,0
DA:37,0
DA:52,0
DA:67,0
DA:82,0
DA:97,0
DA:109,0
DA:112,0
DA:113,0
DA:114,0
DA:115,0
DA:116,0
DA:117,0
DA:118,0
DA:119,0
LF:18
LH:0
BRF:0
BRH:0
end_of_record
TN:
SF:components\ui\tabs.tsx
FNF:0
FNH:0
DA:3,0
DA:4,0
DA:6,0
DA:8,0
DA:23,0
DA:38,0
DA:53,0
DA:55,0
LF:8
LH:0
BRF:0
BRH:0
end_of_record
TN:
SF:lib\utils.ts
FN:4,cn
FNF:1
FNH:1
FNDA:65,cn
DA:1,2
DA:2,2
DA:4,65
DA:5,65
LF:4
LH:4
BRF:0
BRH:0
end_of_record
